<?xml version="1.0" encoding="UTF-8"?><testrun name="GroupCreationTests" project="addressbook-selenium-tests" tests="1" started="1" failures="0" errors="2" ignored="0">
  <testsuite name="com.example.tests.GroupCreationTests" time="98.359">
    <testcase name="testUntitled" classname="com.example.tests.GroupCreationTests" time="98.359">
      <error>org.openqa.selenium.WebDriverException: Failed to connect to binary FirefoxBinary(C:\Program Files (x86)\Mozilla Firefox\firefox.exe) on port 7055; process output follows: 
les (x86)\Mozilla Firefox\browser\extensions\{972ce4c6-7e08-4474-a285-3208198ce6fd}&#13;
1413128805397	addons.xpi	INFO	Mapping fxdriver@googlecode.com to C:\Users\Korlova\AppData\Local\Temp\anonymous8742464792799839977webdriver-profile\extensions\fxdriver@googlecode.com&#13;
1413128805397	addons.xpi	DEBUG	Ignoring file entry whose name is not a valid add-on ID: C:\Users\Korlova\AppData\Local\Temp\anonymous8742464792799839977webdriver-profile\extensions\webdriver-staging&#13;
1413128805397	addons.xpi	DEBUG	checkForChanges&#13;
1413128805408	addons.xpi	DEBUG	Directory state JSON differs: cache [] state [{"name":"app-global","addons":{"{972ce4c6-7e08-4474-a285-3208198ce6fd}":{"descriptor":"C:\\Program Files (x86)\\Mozilla Firefox\\browser\\extensions\\{972ce4c6-7e08-4474-a285-3208198ce6fd}","mtime":1412960757764,"rdfTime":1411526203000}}},{"name":"app-profile","addons":{"fxdriver@googlecode.com":{"descriptor":"C:\\Users\\Korlova\\AppData\\Local\\Temp\\anonymous8742464792799839977webdriver-profile\\extensions\\fxdriver@googlecode.com","mtime":1413128760451,"rdfTime":1413128760185}}}]&#13;
1413128805416	addons.xpi-utils	DEBUG	Opening XPI database C:\Users\Korlova\AppData\Local\Temp\anonymous8742464792799839977webdriver-profile\extensions.json&#13;
1413128805417	addons.xpi	DEBUG	New add-on fxdriver@googlecode.com installed in app-profile&#13;
*** Blocklist::_loadBlocklistFromFile: blocklist is disabled&#13;
1413128805590	addons.xpi-utils	DEBUG	Make addon app-profile:fxdriver@googlecode.com visible&#13;
1413128805592	DeferredSave.extensions.json	DEBUG	Save changes&#13;
1413128805592	DeferredSave.extensions.json	DEBUG	Save changes&#13;
1413128805592	addons.xpi	DEBUG	New add-on {972ce4c6-7e08-4474-a285-3208198ce6fd} installed in app-global&#13;
1413128805607	addons.xpi-utils	DEBUG	Make addon app-global:{972ce4c6-7e08-4474-a285-3208198ce6fd} visible&#13;
1413128805607	DeferredSave.extensions.json	DEBUG	Save changes&#13;
1413128805607	DeferredSave.extensions.json	DEBUG	Save changes&#13;
1413128805614	addons.xpi	DEBUG	Updating database with changes to installed add-ons&#13;
1413128805614	addons.xpi-utils	DEBUG	Updating add-on states&#13;
1413128805614	addons.xpi-utils	DEBUG	Writing add-ons list&#13;
1413128806574	DeferredSave.extensions.json	DEBUG	Starting timer&#13;
1413128806612	DeferredSave.extensions.json	DEBUG	Starting write&#13;
1413128806690	addons.manager	DEBUG	shutdown&#13;
1413128806693	addons.xpi	DEBUG	shutdown&#13;
1413128806693	addons.xpi-utils	DEBUG	shutdown&#13;
1413128806793	DeferredSave.extensions.json	DEBUG	Write succeeded&#13;
1413128806793	addons.xpi-utils	DEBUG	XPI Database saved, setting schema version preference to 16&#13;
1413128806794	addons.xpi	DEBUG	Notifying XPI shutdown observers&#13;
1413128806796	addons.manager	DEBUG	Async provider shutdown done&#13;
1413128809422	addons.manager	DEBUG	Loaded provider scope for resource://gre/modules/addons/XPIProvider.jsm: ["XPIProvider"]&#13;
1413128809423	addons.manager	DEBUG	Loaded provider scope for resource://gre/modules/LightweightThemeManager.jsm: ["LightweightThemeManager"]&#13;
1413128809425	addons.xpi	DEBUG	startup&#13;
1413128809426	addons.xpi	DEBUG	Skipping unavailable install location app-system-local&#13;
1413128809426	addons.xpi	DEBUG	Skipping unavailable install location app-system-share&#13;
1413128809427	addons.xpi	INFO	Mapping {972ce4c6-7e08-4474-a285-3208198ce6fd} to C:\Program Files (x86)\Mozilla Firefox\browser\extensions\{972ce4c6-7e08-4474-a285-3208198ce6fd}&#13;
1413128809428	addons.xpi	INFO	Mapping fxdriver@googlecode.com to C:\Users\Korlova\AppData\Local\Temp\anonymous8742464792799839977webdriver-profile\extensions\fxdriver@googlecode.com&#13;
1413128809428	addons.xpi	DEBUG	Ignoring file entry whose name is not a valid add-on ID: C:\Users\Korlova\AppData\Local\Temp\anonymous8742464792799839977webdriver-profile\extensions\webdriver-staging&#13;
1413128809428	addons.xpi	DEBUG	checkForChanges&#13;
1413128809439	addons.xpi	DEBUG	No changes found&#13;
*** Blocklist::_preloadBlocklistFile: blocklist is disabled&#13;
JavaScript error: chrome://browser/content/urlbarBindings.xml, line 677: aUrl is undefined&#13;
JavaScript error: chrome://browser/content/urlbarBindings.xml, line 677: aUrl is undefined&#13;

Build info: version: '2.39.0', revision: 'ff23eac', time: '2013-12-16 16:11:15'
System info: host: 'KORLOVA', ip: '172.19.111.28', os.name: 'Windows 7', os.arch: 'amd64', os.version: '6.1', java.version: '1.8.0_20'
Driver info: driver.version: FirefoxDriver&#13;
	at org.openqa.selenium.firefox.internal.NewProfileExtensionConnection.start(NewProfileExtensionConnection.java:130)&#13;
	at org.openqa.selenium.firefox.FirefoxDriver.startClient(FirefoxDriver.java:250)&#13;
	at org.openqa.selenium.remote.RemoteWebDriver.&lt;init&gt;(RemoteWebDriver.java:110)&#13;
	at org.openqa.selenium.firefox.FirefoxDriver.&lt;init&gt;(FirefoxDriver.java:197)&#13;
	at org.openqa.selenium.firefox.FirefoxDriver.&lt;init&gt;(FirefoxDriver.java:190)&#13;
	at org.openqa.selenium.firefox.FirefoxDriver.&lt;init&gt;(FirefoxDriver.java:186)&#13;
	at org.openqa.selenium.firefox.FirefoxDriver.&lt;init&gt;(FirefoxDriver.java:99)&#13;
	at com.example.tests.GroupCreationTests.setUp(GroupCreationTests.java:20)&#13;
	at sun.reflect.NativeMethodAccessorImpl.invoke0(Native Method)&#13;
	at sun.reflect.NativeMethodAccessorImpl.invoke(Unknown Source)&#13;
	at sun.reflect.DelegatingMethodAccessorImpl.invoke(Unknown Source)&#13;
	at java.lang.reflect.Method.invoke(Unknown Source)&#13;
	at org.junit.runners.model.FrameworkMethod$1.runReflectiveCall(FrameworkMethod.java:47)&#13;
	at org.junit.internal.runners.model.ReflectiveCallable.run(ReflectiveCallable.java:12)&#13;
	at org.junit.runners.model.FrameworkMethod.invokeExplosively(FrameworkMethod.java:44)&#13;
	at org.junit.internal.runners.statements.RunBefores.evaluate(RunBefores.java:24)&#13;
	at org.junit.internal.runners.statements.RunAfters.evaluate(RunAfters.java:27)&#13;
	at org.junit.runners.ParentRunner.runLeaf(ParentRunner.java:271)&#13;
	at org.junit.runners.BlockJUnit4ClassRunner.runChild(BlockJUnit4ClassRunner.java:70)&#13;
	at org.junit.runners.BlockJUnit4ClassRunner.runChild(BlockJUnit4ClassRunner.java:50)&#13;
	at org.junit.runners.ParentRunner$3.run(ParentRunner.java:238)&#13;
	at org.junit.runners.ParentRunner$1.schedule(ParentRunner.java:63)&#13;
	at org.junit.runners.ParentRunner.runChildren(ParentRunner.java:236)&#13;
	at org.junit.runners.ParentRunner.access$000(ParentRunner.java:53)&#13;
	at org.junit.runners.ParentRunner$2.evaluate(ParentRunner.java:229)&#13;
	at org.junit.runners.ParentRunner.run(ParentRunner.java:309)&#13;
	at org.eclipse.jdt.internal.junit4.runner.JUnit4TestReference.run(JUnit4TestReference.java:50)&#13;
	at org.eclipse.jdt.internal.junit.runner.TestExecution.run(TestExecution.java:38)&#13;
	at org.eclipse.jdt.internal.junit.runner.RemoteTestRunner.runTests(RemoteTestRunner.java:459)&#13;
	at org.eclipse.jdt.internal.junit.runner.RemoteTestRunner.runTests(RemoteTestRunner.java:675)&#13;
	at org.eclipse.jdt.internal.junit.runner.RemoteTestRunner.run(RemoteTestRunner.java:382)&#13;
	at org.eclipse.jdt.internal.junit.runner.RemoteTestRunner.main(RemoteTestRunner.java:192)&#13;
Caused by: org.openqa.selenium.firefox.NotConnectedException: Unable to connect to host 127.0.0.1 on port 7055 after 45000 ms. Firefox console output:
les (x86)\Mozilla Firefox\browser\extensions\{972ce4c6-7e08-4474-a285-3208198ce6fd}&#13;
1413128805397	addons.xpi	INFO	Mapping fxdriver@googlecode.com to C:\Users\Korlova\AppData\Local\Temp\anonymous8742464792799839977webdriver-profile\extensions\fxdriver@googlecode.com&#13;
1413128805397	addons.xpi	DEBUG	Ignoring file entry whose name is not a valid add-on ID: C:\Users\Korlova\AppData\Local\Temp\anonymous8742464792799839977webdriver-profile\extensions\webdriver-staging&#13;
1413128805397	addons.xpi	DEBUG	checkForChanges&#13;
1413128805408	addons.xpi	DEBUG	Directory state JSON differs: cache [] state [{"name":"app-global","addons":{"{972ce4c6-7e08-4474-a285-3208198ce6fd}":{"descriptor":"C:\\Program Files (x86)\\Mozilla Firefox\\browser\\extensions\\{972ce4c6-7e08-4474-a285-3208198ce6fd}","mtime":1412960757764,"rdfTime":1411526203000}}},{"name":"app-profile","addons":{"fxdriver@googlecode.com":{"descriptor":"C:\\Users\\Korlova\\AppData\\Local\\Temp\\anonymous8742464792799839977webdriver-profile\\extensions\\fxdriver@googlecode.com","mtime":1413128760451,"rdfTime":1413128760185}}}]&#13;
1413128805416	addons.xpi-utils	DEBUG	Opening XPI database C:\Users\Korlova\AppData\Local\Temp\anonymous8742464792799839977webdriver-profile\extensions.json&#13;
1413128805417	addons.xpi	DEBUG	New add-on fxdriver@googlecode.com installed in app-profile&#13;
*** Blocklist::_loadBlocklistFromFile: blocklist is disabled&#13;
1413128805590	addons.xpi-utils	DEBUG	Make addon app-profile:fxdriver@googlecode.com visible&#13;
1413128805592	DeferredSave.extensions.json	DEBUG	Save changes&#13;
1413128805592	DeferredSave.extensions.json	DEBUG	Save changes&#13;
1413128805592	addons.xpi	DEBUG	New add-on {972ce4c6-7e08-4474-a285-3208198ce6fd} installed in app-global&#13;
1413128805607	addons.xpi-utils	DEBUG	Make addon app-global:{972ce4c6-7e08-4474-a285-3208198ce6fd} visible&#13;
1413128805607	DeferredSave.extensions.json	DEBUG	Save changes&#13;
1413128805607	DeferredSave.extensions.json	DEBUG	Save changes&#13;
1413128805614	addons.xpi	DEBUG	Updating database with changes to installed add-ons&#13;
1413128805614	addons.xpi-utils	DEBUG	Updating add-on states&#13;
1413128805614	addons.xpi-utils	DEBUG	Writing add-ons list&#13;
1413128806574	DeferredSave.extensions.json	DEBUG	Starting timer&#13;
1413128806612	DeferredSave.extensions.json	DEBUG	Starting write&#13;
1413128806690	addons.manager	DEBUG	shutdown&#13;
1413128806693	addons.xpi	DEBUG	shutdown&#13;
1413128806693	addons.xpi-utils	DEBUG	shutdown&#13;
1413128806793	DeferredSave.extensions.json	DEBUG	Write succeeded&#13;
1413128806793	addons.xpi-utils	DEBUG	XPI Database saved, setting schema version preference to 16&#13;
1413128806794	addons.xpi	DEBUG	Notifying XPI shutdown observers&#13;
1413128806796	addons.manager	DEBUG	Async provider shutdown done&#13;
1413128809422	addons.manager	DEBUG	Loaded provider scope for resource://gre/modules/addons/XPIProvider.jsm: ["XPIProvider"]&#13;
1413128809423	addons.manager	DEBUG	Loaded provider scope for resource://gre/modules/LightweightThemeManager.jsm: ["LightweightThemeManager"]&#13;
1413128809425	addons.xpi	DEBUG	startup&#13;
1413128809426	addons.xpi	DEBUG	Skipping unavailable install location app-system-local&#13;
1413128809426	addons.xpi	DEBUG	Skipping unavailable install location app-system-share&#13;
1413128809427	addons.xpi	INFO	Mapping {972ce4c6-7e08-4474-a285-3208198ce6fd} to C:\Program Files (x86)\Mozilla Firefox\browser\extensions\{972ce4c6-7e08-4474-a285-3208198ce6fd}&#13;
1413128809428	addons.xpi	INFO	Mapping fxdriver@googlecode.com to C:\Users\Korlova\AppData\Local\Temp\anonymous8742464792799839977webdriver-profile\extensions\fxdriver@googlecode.com&#13;
1413128809428	addons.xpi	DEBUG	Ignoring file entry whose name is not a valid add-on ID: C:\Users\Korlova\AppData\Local\Temp\anonymous8742464792799839977webdriver-profile\extensions\webdriver-staging&#13;
1413128809428	addons.xpi	DEBUG	checkForChanges&#13;
1413128809439	addons.xpi	DEBUG	No changes found&#13;
*** Blocklist::_preloadBlocklistFile: blocklist is disabled&#13;
JavaScript error: chrome://browser/content/urlbarBindings.xml, line 677: aUrl is undefined&#13;
JavaScript error: chrome://browser/content/urlbarBindings.xml, line 677: aUrl is undefined&#13;
&#13;
	at org.openqa.selenium.firefox.internal.NewProfileExtensionConnection.start(NewProfileExtensionConnection.java:118)&#13;
	... 31 more&#13;
&#13;
java.lang.NullPointerException&#13;
	at com.example.tests.GroupCreationTests.tearDown(GroupCreationTests.java:42)&#13;
	at sun.reflect.NativeMethodAccessorImpl.invoke0(Native Method)&#13;
	at sun.reflect.NativeMethodAccessorImpl.invoke(Unknown Source)&#13;
	at sun.reflect.DelegatingMethodAccessorImpl.invoke(Unknown Source)&#13;
	at java.lang.reflect.Method.invoke(Unknown Source)&#13;
	at org.junit.runners.model.FrameworkMethod$1.runReflectiveCall(FrameworkMethod.java:47)&#13;
	at org.junit.internal.runners.model.ReflectiveCallable.run(ReflectiveCallable.java:12)&#13;
	at org.junit.runners.model.FrameworkMethod.invokeExplosively(FrameworkMethod.java:44)&#13;
	at org.junit.internal.runners.statements.RunAfters.evaluate(RunAfters.java:33)&#13;
	at org.junit.runners.ParentRunner.runLeaf(ParentRunner.java:271)&#13;
	at org.junit.runners.BlockJUnit4ClassRunner.runChild(BlockJUnit4ClassRunner.java:70)&#13;
	at org.junit.runners.BlockJUnit4ClassRunner.runChild(BlockJUnit4ClassRunner.java:50)&#13;
	at org.junit.runners.ParentRunner$3.run(ParentRunner.java:238)&#13;
	at org.junit.runners.ParentRunner$1.schedule(ParentRunner.java:63)&#13;
	at org.junit.runners.ParentRunner.runChildren(ParentRunner.java:236)&#13;
	at org.junit.runners.ParentRunner.access$000(ParentRunner.java:53)&#13;
	at org.junit.runners.ParentRunner$2.evaluate(ParentRunner.java:229)&#13;
	at org.junit.runners.ParentRunner.run(ParentRunner.java:309)&#13;
	at org.eclipse.jdt.internal.junit4.runner.JUnit4TestReference.run(JUnit4TestReference.java:50)&#13;
	at org.eclipse.jdt.internal.junit.runner.TestExecution.run(TestExecution.java:38)&#13;
	at org.eclipse.jdt.internal.junit.runner.RemoteTestRunner.runTests(RemoteTestRunner.java:459)&#13;
	at org.eclipse.jdt.internal.junit.runner.RemoteTestRunner.runTests(RemoteTestRunner.java:675)&#13;
	at org.eclipse.jdt.internal.junit.runner.RemoteTestRunner.run(RemoteTestRunner.java:382)&#13;
	at org.eclipse.jdt.internal.junit.runner.RemoteTestRunner.main(RemoteTestRunner.java:192)&#13;
&#13;
</error>
    </testcase>
  </testsuite>
</testrun>
